********************************************************************************
DUPLICATOR-LITE PACKAGE-LOG: 22 October 2020 16h56
NOTICE: Do NOT post to public sites or forums 
********************************************************************************
VERSION:	1.3.38
WORDPRESS:	5.5.1
PHP INFO:	7.4.11 | SAPI: fpm-fcgi
SERVER:		Apache 
PHP TIME LIMIT: [60] not allowed 
PHP MAX MEMORY: 4294967296 (640M default) 
MEMORY STACK: 6.5MB

********************************************************************************
DATABASE:
********************************************************************************
BUILD MODE:   PHP(query limit - 100)
MYSQLTIMEOUT: 5000
MYSQLDUMP:    Not Supported
TABLES: total:13 | filtered:0 | create:13
FILTERED: []
SQL CREATED: 20201022_nantesnumeriqueresponsable_1c74b9566dd32d212801_20201022164733_database.sql
SQL FILE SIZE: 242.85KB (248677)
SQL FILE TIME: 2020-10-22 16:56:43
SQL RUNTIME: 0.12 sec.

********************************************************************************
ARCHIVE (ZIP):
********************************************************************************
ARCHIVE DIR:  /home/clients/07d9f05afca9dbaa3c8a4ae6256822f2/web/preprod/nnr
ARCHIVE FILE: 20201022_nantesnumeriqueresponsable_1c74b9566dd32d212801_20201022164733_archive.zip
FILTERS: *OFF*
DIRS:
	not set
FILES:
	not set
EXTS:  not set
----------------------------------------
COMPRESSING
SIZE:	67.6MB
STATS:	Dirs 453 | Files 3,210
SQL ADDED: 20201022_nantesnumeriqueresponsable_1c74b9566dd32d212801_20201022164733_database.sql
ZipArchive Object
(
    [status] => 0
    [statusSys] => 0
    [numFiles] => 3663
    [filename] => /home/clients/07d9f05afca9dbaa3c8a4ae6256822f2/web/preprod/nnr/wp-content/backups-dup-lite/tmp/20201022_nantesnumeriqueresponsable_1c74b9566dd32d212801_20201022164733_archive.zip
    [comment] => 
)

FILE ADDED TO ZIP: 3662
COMPRESSION RESULT: '1'
COMPRESSED SIZE: 22.55MB
ARCHIVE RUNTIME: 4.63 sec.
MEMORY STACK: 6.5MB
building installer
add_extra_files1
add_extra_files2
add_extra_files3
add_extra_files4
Doing archive file check
add_extra_files5
add_extra_files6
add_extra_files8
Successfully opened zip /home/clients/07d9f05afca9dbaa3c8a4ae6256822f2/web/preprod/nnr/wp-content/backups-dup-lite/tmp/20201022_nantesnumeriqueresponsable_1c74b9566dd32d212801_20201022164733_archive.zip
Adding enhanced installer files to archive using ZipArchive
Installer files added to archive
Added to archive
After ziparchive close when adding installer

********************************************************************************
INTEGRITY CHECKS:
********************************************************************************
SQL FILE: 242.85KB
INSTALLER FILE: 61.33KB
ARCHIVE FILE: 24.04MB 
COMPTE ATTENDU DE FICHIERS/RÉPERTOIRES : 3,663
COMPTE ACTUEL DE FICHIERS/RÉPERTOIRES : 3,662
TEST DE COHÉRENCE D’ARCHIVE : Bon

********************************************************************************
RECORD ID:[1]
TOTAL PROCESS RUNTIME: 5.09 sec.
PEAK PHP MEMORY USED: 8.5MB
DONE PROCESSING => 20201022_nantesnumeriqueresponsable 22 October 2020 16h56

